2024-06-19 11:18:39,919 - INFO - Missing values:
 lower_bound_ip_address    0
upper_bound_ip_address    0
country                   0
dtype: int64
2024-06-19 11:19:06,657 - INFO - Duplicate entries removed.
2024-06-19 11:41:39,761 - INFO - IP address format standardized
2024-06-19 11:41:52,697 - INFO - Leading and trailing whitespaces removed
2024-06-19 11:42:05,381 - INFO - Outliers and invalid IP address ranges handled
2024-06-20 14:36:35,700 - INFO - Missing values:
 lower_bound_ip_address    0
upper_bound_ip_address    0
country                   0
dtype: int64
2024-06-20 14:36:35,772 - INFO - Duplicate entries removed.
2024-06-20 14:38:38,367 - INFO - IP address format standardized
2024-06-20 14:38:41,392 - INFO - Leading and trailing whitespaces removed
2024-06-20 14:38:44,210 - INFO - Outliers and invalid IP address ranges handled
2024-06-20 14:38:45,652 - INFO - IP address columns converted to int64
2024-06-20 14:38:47,287 - INFO - Country names normalized to uppercase
2024-06-20 14:38:48,647 - INFO - Special characters handled
2024-06-20 14:38:50,077 - INFO - Cleaned dataset saved
